#
# A fatal error has been detected by the Java Runtime Environment:
#
#  SIGSEGV (0xb) at pc=0x8b81c07b, pid=3171, tid=3063888704
#
# JRE version: 7.0_21-b02
# Java VM: OpenJDK Client VM (23.7-b01 mixed mode linux-x86 )
# Problematic frame:
# C  [r600_dri.so+0x46c07b]  glsl_strtof+0x13aa6b
#
# Failed to write core dump. Core dumps have been disabled. To enable core dumping, try "ulimit -c unlimited" before starting Java again
#
# If you would like to submit a bug report, please include
# instructions on how to reproduce the bug and visit:
#   http://icedtea.classpath.org/bugzilla
# The crash happened outside the Java Virtual Machine in native code.
# See problematic frame for where to report the bug.
#

---------------  T H R E A D  ---------------

Current thread (0xb6805c00):  JavaThread "main" [_thread_in_native, id=3173, stack(0xb69a3000,0xb69f4000)]

siginfo:si_signo=SIGSEGV: si_errno=0, si_code=1 (SEGV_MAPERR), si_addr=0x00000038

Registers:
EAX=0x00000000, EBX=0x8c90d000, ECX=0xb6800010, EDX=0x00000000
ESP=0xb69f2960, EBP=0x8cb44328, ESI=0x8a51a5d0, EDI=0xb69f29c0
EIP=0x8b81c07b, EFLAGS=0x00010286, CR2=0x00000038

Top of Stack: (sp=0xb69f2960)
0xb69f2960:   8cb44328 00000001 00000002 00000001
0xb69f2970:   8cb03370 00000000 00000000 8b650bd0
0xb69f2980:   00000043 00000000 8cb03450 8a51a6e8
0xb69f2990:   00000001 00000000 00000000 00000000
0xb69f29a0:   00000040 00000001 00000001 00000001
0xb69f29b0:   00000001 00050000 00020000 00000000
0xb69f29c0:   00000010 00000010 00000001 8c90d000
0xb69f29d0:   8cbae160 b69f2a1c 8cbae160 8b65383c 

Instructions: (pc=0x8b81c07b)
0x8b81c05b:   01 00 00 85 d2 74 19 89 44 24 24 c7 44 24 04 01
0x8b81c06b:   00 00 00 89 2c 24 ff 95 5c 01 00 00 8b 44 24 24
0x8b81c07b:   8b 48 38 8b 95 44 01 00 00 c7 44 24 08 06 00 00
0x8b81c08b:   00 89 4c 24 0c 8b 40 34 89 44 24 04 8b 85 48 01 

Register to memory mapping:

EAX=0x00000000 is an unknown value
EBX=0x8c90d000: <offset 0x155d000> in /usr/lib/xorg/modules/dri/r600_dri.so at 0x8b3b0000
ECX=0xb6800010 is an unknown value
EDX=0x00000000 is an unknown value
ESP=0xb69f2960 is pointing into the stack for thread: 0xb6805c00
EBP=0x8cb44328 is an unknown value
ESI=0x8a51a5d0 is an unknown value
EDI=0xb69f29c0 is pointing into the stack for thread: 0xb6805c00


Stack: [0xb69a3000,0xb69f4000],  sp=0xb69f2960,  free space=318k
Native frames: (J=compiled Java code, j=interpreted, Vv=VM code, C=native code)
C  [r600_dri.so+0x46c07b]  glsl_strtof+0x13aa6b

Java frames: (J=compiled Java code, j=interpreted, Vv=VM code)
J  org.lwjgl.opengl.GL11.nglTexImage2D(IIIIIIIIJJ)V
J  org.lwjgl.opengl.GL11.glTexImage2D(IIIIIIIILjava/nio/ByteBuffer;)V
J  org.newdawn.slick.opengl.InternalTextureLoader.getTexture(Ljava/io/InputStream;Ljava/lang/String;IIIZ[I)Lorg/newdawn/slick/opengl/TextureImpl;
J  org.newdawn.slick.opengl.InternalTextureLoader.getTexture(Ljava/io/InputStream;Ljava/lang/String;ZI[I)Lorg/newdawn/slick/opengl/TextureImpl;
J  org.newdawn.slick.opengl.TextureLoader.getTexture(Ljava/lang/String;Ljava/io/InputStream;ZI)Lorg/newdawn/slick/opengl/Texture;
J  rendering.TileRenderer.renderDungeon()V
j  rendering.TileRenderer.render()V+17
j  rendering.TileRenderer.main([Ljava/lang/String;)V+79
v  ~StubRoutines::call_stub

---------------  P R O C E S S  ---------------

Java Threads: ( => current thread )
  0x8cda3400 JavaThread "AWT-XAWT" daemon [_thread_in_native, id=3186, stack(0x8cc5e000,0x8ccaf000)]
  0x8cd7a000 JavaThread "Java2D Disposer" daemon [_thread_blocked, id=3185, stack(0x8ccaf000,0x8cd00000)]
  0xb68db000 JavaThread "Service Thread" daemon [_thread_blocked, id=3183, stack(0x9010d000,0x9015e000)]
  0xb68d9000 JavaThread "C1 CompilerThread0" daemon [_thread_blocked, id=3182, stack(0x8fc4e000,0x8fccf000)]
  0xb68d7800 JavaThread "Signal Dispatcher" daemon [_thread_blocked, id=3181, stack(0x9015e000,0x901af000)]
  0xb6895400 JavaThread "Finalizer" daemon [_thread_blocked, id=3180, stack(0x901af000,0x90200000)]
  0xb6893400 JavaThread "Reference Handler" daemon [_thread_blocked, id=3179, stack(0x90335000,0x90386000)]
=>0xb6805c00 JavaThread "main" [_thread_in_native, id=3173, stack(0xb69a3000,0xb69f4000)]

Other Threads:
  0xb688d000 VMThread [stack: 0x90386000,0x90407000] [id=3178]
  0xb68dd400 WatcherThread [stack: 0x8fbcd000,0x8fc4e000] [id=3184]

VM state:not at safepoint (normal execution)

VM Mutex/Monitor currently owned by a thread: None

Heap
 def new generation   total 7232K, used 4482K [0x90780000, 0x90f50000, 0x9b220000)
  eden space 6464K,  62% used [0x90780000, 0x90b76b40, 0x90dd0000)
  from space 768K,  55% used [0x90e90000, 0x90efa078, 0x90f50000)
  to   space 768K,   0% used [0x90dd0000, 0x90dd0000, 0x90e90000)
 tenured generation   total 15928K, used 11952K [0x9b220000, 0x9c1ae000, 0xb0780000)
   the space 15928K,  75% used [0x9b220000, 0x9bdcc348, 0x9bdcc400, 0x9c1ae000)
 compacting perm gen  total 12288K, used 5096K [0xb0780000, 0xb1380000, 0xb4780000)
   the space 12288K,  41% used [0xb0780000, 0xb0c7a1f8, 0xb0c7a200, 0xb1380000)
No shared spaces configured.

Card table byte_map: [0x9065f000,0x90780000] byte_map_base: 0x901db400

Polling page: 0xb7751000

Code Cache  [0xb4800000, 0xb4938000, 0xb6800000)
 total_blobs=718 nmethods=460 adapters=193 free_code_cache=31536Kb largest_free_block=32293120

Compilation events (10 events):
Event: 82,471 Thread 0xb68d9000  452             java.util.concurrent.locks.AbstractQueuedSynchronizer::shouldParkAfterFailedAcquire (50 bytes)
Event: 82,472 Thread 0xb68d9000 nmethod 452 0xb4930b48 code [0xb4930c40, 0xb4930d50]
Event: 134,150 Thread 0xb68d9000  453             sun.util.logging.PlatformLogger$LoggerProxy::isLoggable (21 bytes)
Event: 134,152 Thread 0xb68d9000 nmethod 453 0xb4930e48 code [0xb4930f40, 0xb4930ff0]
Event: 147,294 Thread 0xb68d9000  454   !         sun.awt.X11.XToolkit::callTimeoutTasks (220 bytes)
Event: 147,298 Thread 0xb68d9000 nmethod 454 0xb4931048 code [0xb4931300, 0xb4931d84]
Event: 147,340 Thread 0xb68d9000  455   !         sun.awt.X11.XToolkit::getNextTaskTime (55 bytes)
Event: 147,342 Thread 0xb68d9000 nmethod 455 0xb4933008 code [0xb49331b0, 0xb49334e8]
Event: 304,008 Thread 0xb68d9000  457             java.lang.Math::max (11 bytes)
Event: 304,009 Thread 0xb68d9000 nmethod 457 0xb4933d48 code [0xb4933e40, 0xb4933eb0]

GC Heap History (10 events):
Event: 333,558 GC heap before
{Heap before GC invocations=276 (full 2):
 def new generation   total 7232K, used 6697K [0x90780000, 0x90f50000, 0x9b220000)
  eden space 6464K, 100% used [0x90780000, 0x90dd0000, 0x90dd0000)
  from space 768K,  30% used [0x90dd0000, 0x90e0a500, 0x90e90000)
  to   space 768K,   0% used [0x90e90000, 0x90e90000, 0x90f50000)
 tenured generation   total 15928K, used 11909K [0x9b220000, 0x9c1ae000, 0xb0780000)
   the space 15928K,  74% used [0x9b220000, 0x9bdc1708, 0x9bdc1800, 0x9c1ae000)
 compacting perm gen  total 12288K, used 5096K [0xb0780000, 0xb1380000, 0xb4780000)
   the space 12288K,  41% used [0xb0780000, 0xb0c7a1f8, 0xb0c7a200, 0xb1380000)
No shared spaces configured.
Event: 333,564 GC heap after
Heap after GC invocations=277 (full 2):
 def new generation   total 7232K, used 295K [0x90780000, 0x90f50000, 0x9b220000)
  eden space 6464K,   0% used [0x90780000, 0x90780000, 0x90dd0000)
  from space 768K,  38% used [0x90e90000, 0x90ed9c18, 0x90f50000)
  to   space 768K,   0% used [0x90dd0000, 0x90dd0000, 0x90e90000)
 tenured generation   total 15928K, used 11909K [0x9b220000, 0x9c1ae000, 0xb0780000)
   the space 15928K,  74% used [0x9b220000, 0x9bdc1708, 0x9bdc1800, 0x9c1ae000)
 compacting perm gen  total 12288K, used 5096K [0xb0780000, 0xb1380000, 0xb4780000)
   the space 12288K,  41% used [0xb0780000, 0xb0c7a1f8, 0xb0c7a200, 0xb1380000)
No shared spaces configured.
}
Event: 338,394 GC heap before
{Heap before GC invocations=277 (full 2):
 def new generation   total 7232K, used 6759K [0x90780000, 0x90f50000, 0x9b220000)
  eden space 6464K, 100% used [0x90780000, 0x90dd0000, 0x90dd0000)
  from space 768K,  38% used [0x90e90000, 0x90ed9c18, 0x90f50000)
  to   space 768K,   0% used [0x90dd0000, 0x90dd0000, 0x90e90000)
 tenured generation   total 15928K, used 11909K [0x9b220000, 0x9c1ae000, 0xb0780000)
   the space 15928K,  74% used [0x9b220000, 0x9bdc1708, 0x9bdc1800, 0x9c1ae000)
 compacting perm gen  total 12288K, used 5096K [0xb0780000, 0xb1380000, 0xb4780000)
   the space 12288K,  41% used [0xb0780000, 0xb0c7a1f8, 0xb0c7a200, 0xb1380000)
No shared spaces configured.
Event: 338,401 GC heap after
Heap after GC invocations=278 (full 2):
 def new generation   total 7232K, used 346K [0x90780000, 0x90f50000, 0x9b220000)
  eden space 6464K,   0% used [0x90780000, 0x90780000, 0x90dd0000)
  from space 768K,  45% used [0x90dd0000, 0x90e269f0, 0x90e90000)
  to   space 768K,   0% used [0x90e90000, 0x90e90000, 0x90f50000)
 tenured generation   total 15928K, used 11909K [0x9b220000, 0x9c1ae000, 0xb0780000)
   the space 15928K,  74% used [0x9b220000, 0x9bdc1708, 0x9bdc1800, 0x9c1ae000)
 compacting perm gen  total 12288K, used 5096K [0xb0780000, 0xb1380000, 0xb4780000)
   the space 12288K,  41% used [0xb0780000, 0xb0c7a1f8, 0xb0c7a200, 0xb1380000)
No shared spaces configured.
}
Event: 343,293 GC heap before
{Heap before GC invocations=278 (full 2):
 def new generation   total 7232K, used 6808K [0x90780000, 0x90f50000, 0x9b220000)
  eden space 6464K,  99% used [0x90780000, 0x90dcf9f0, 0x90dd0000)
  from space 768K,  45% used [0x90dd0000, 0x90e269f0, 0x90e90000)
  to   space 768K,   0% used [0x90e90000, 0x90e90000, 0x90f50000)
 tenured generation   total 15928K, used 11909K [0x9b220000, 0x9c1ae000, 0xb0780000)
   the space 15928K,  74% used [0x9b220000, 0x9bdc1708, 0x9bdc1800, 0x9c1ae000)
 compacting perm gen  total 12288K, used 5096K [0xb0780000, 0xb1380000, 0xb4780000)
   the space 12288K,  41% used [0xb0780000, 0xb0c7a1f8, 0xb0c7a200, 0xb1380000)
No shared spaces configured.
Event: 343,300 GC heap after
Heap after GC invocations=279 (full 2):
 def new generation   total 7232K, used 380K [0x90780000, 0x90f50000, 0x9b220000)
  eden space 6464K,   0% used [0x90780000, 0x90780000, 0x90dd0000)
  from space 768K,  49% used [0x90e90000, 0x90eef2f0, 0x90f50000)
  to   space 768K,   0% used [0x90dd0000, 0x90dd0000, 0x90e90000)
 tenured generation   total 15928K, used 11909K [0x9b220000, 0x9c1ae000, 0xb0780000)
   the space 15928K,  74% used [0x9b220000, 0x9bdc1708, 0x9bdc1800, 0x9c1ae000)
 compacting perm gen  total 12288K, used 5096K [0xb0780000, 0xb1380000, 0xb4780000)
   the space 12288K,  41% used [0xb0780000, 0xb0c7a1f8, 0xb0c7a200, 0xb1380000)
No shared spaces configured.
}
Event: 348,265 GC heap before
{Heap before GC invocations=279 (full 2):
 def new generation   total 7232K, used 6844K [0x90780000, 0x90f50000, 0x9b220000)
  eden space 6464K, 100% used [0x90780000, 0x90dd0000, 0x90dd0000)
  from space 768K,  49% used [0x90e90000, 0x90eef2f0, 0x90f50000)
  to   space 768K,   0% used [0x90dd0000, 0x90dd0000, 0x90e90000)
 tenured generation   total 15928K, used 11909K [0x9b220000, 0x9c1ae000, 0xb0780000)
   the space 15928K,  74% used [0x9b220000, 0x9bdc1708, 0x9bdc1800, 0x9c1ae000)
 compacting perm gen  total 12288K, used 5096K [0xb0780000, 0xb1380000, 0xb4780000)
   the space 12288K,  41% used [0xb0780000, 0xb0c7a1f8, 0xb0c7a200, 0xb1380000)
No shared spaces configured.
Event: 348,272 GC heap after
Heap after GC invocations=280 (full 2):
 def new generation   total 7232K, used 424K [0x90780000, 0x90f50000, 0x9b220000)
  eden space 6464K,   0% used [0x90780000, 0x90780000, 0x90dd0000)
  from space 768K,  55% used [0x90dd0000, 0x90e3a030, 0x90e90000)
  to   space 768K,   0% used [0x90e90000, 0x90e90000, 0x90f50000)
 tenured generation   total 15928K, used 11909K [0x9b220000, 0x9c1ae000, 0xb0780000)
   the space 15928K,  74% used [0x9b220000, 0x9bdc1708, 0x9bdc1800, 0x9c1ae000)
 compacting perm gen  total 12288K, used 5096K [0xb0780000, 0xb1380000, 0xb4780000)
   the space 12288K,  41% used [0xb0780000, 0xb0c7a1f8, 0xb0c7a200, 0xb1380000)
No shared spaces configured.
}
Event: 353,299 GC heap before
{Heap before GC invocations=280 (full 2):
 def new generation   total 7232K, used 6888K [0x90780000, 0x90f50000, 0x9b220000)
  eden space 6464K, 100% used [0x90780000, 0x90dd0000, 0x90dd0000)
  from space 768K,  55% used [0x90dd0000, 0x90e3a030, 0x90e90000)
  to   space 768K,   0% used [0x90e90000, 0x90e90000, 0x90f50000)
 tenured generation   total 15928K, used 11909K [0x9b220000, 0x9c1ae000, 0xb0780000)
   the space 15928K,  74% used [0x9b220000, 0x9bdc1708, 0x9bdc1800, 0x9c1ae000)
 compacting perm gen  total 12288K, used 5096K [0xb0780000, 0xb1380000, 0xb4780000)
   the space 12288K,  41% used [0xb0780000, 0xb0c7a1f8, 0xb0c7a200, 0xb1380000)
No shared spaces configured.
Event: 353,306 GC heap after
Heap after GC invocations=281 (full 2):
 def new generation   total 7232K, used 424K [0x90780000, 0x90f50000, 0x9b220000)
  eden space 6464K,   0% used [0x90780000, 0x90780000, 0x90dd0000)
  from space 768K,  55% used [0x90e90000, 0x90efa078, 0x90f50000)
  to   space 768K,   0% used [0x90dd0000, 0x90dd0000, 0x90e90000)
 tenured generation   total 15928K, used 11952K [0x9b220000, 0x9c1ae000, 0xb0780000)
   the space 15928K,  75% used [0x9b220000, 0x9bdcc348, 0x9bdcc400, 0x9c1ae000)
 compacting perm gen  total 12288K, used 5096K [0xb0780000, 0xb1380000, 0xb4780000)
   the space 12288K,  41% used [0xb0780000, 0xb0c7a1f8, 0xb0c7a200, 0xb1380000)
No shared spaces configured.
}

Deoptimization events (0 events):
No events

Internal exceptions (10 events):
Event: 1,540 Thread 0xb6805c00 Threw 0x9083eb50 at /build/java7-openjdk/src/icedtea-2.3.9/openjdk/hotspot/src/share/vm/prims/jvm.cpp:1166
Event: 1,541 Thread 0xb6805c00 Threw 0x90841760 at /build/java7-openjdk/src/icedtea-2.3.9/openjdk/hotspot/src/share/vm/prims/jvm.cpp:1166
Event: 1,579 Thread 0xb6805c00 Threw 0x90870b00 at /build/java7-openjdk/src/icedtea-2.3.9/openjdk/hotspot/src/share/vm/prims/jvm.cpp:1166
Event: 1,580 Thread 0xb6805c00 Threw 0x90876600 at /build/java7-openjdk/src/icedtea-2.3.9/openjdk/hotspot/src/share/vm/prims/jvm.cpp:1166
Event: 1,582 Thread 0xb6805c00 Threw 0x9087a1e8 at /build/java7-openjdk/src/icedtea-2.3.9/openjdk/hotspot/src/share/vm/prims/jvm.cpp:1166
Event: 1,586 Thread 0xb6805c00 Threw 0x90886de8 at /build/java7-openjdk/src/icedtea-2.3.9/openjdk/hotspot/src/share/vm/prims/jvm.cpp:1166
Event: 1,598 Thread 0xb6805c00 Threw 0x90890f20 at /build/java7-openjdk/src/icedtea-2.3.9/openjdk/hotspot/src/share/vm/prims/jvm.cpp:1166
Event: 1,636 Thread 0xb6805c00 Threw 0x90918f08 at /build/java7-openjdk/src/icedtea-2.3.9/openjdk/hotspot/src/share/vm/prims/jvm.cpp:1166
Event: 1,638 Thread 0xb6805c00 Threw 0x9091c6f0 at /build/java7-openjdk/src/icedtea-2.3.9/openjdk/hotspot/src/share/vm/prims/jvm.cpp:1166
Event: 12,233 Thread 0xb6805c00 Threw 0x908dd818 at /build/java7-openjdk/src/icedtea-2.3.9/openjdk/hotspot/src/share/vm/prims/jvm.cpp:1166

Events (10 events):
Event: 333,557 Executing VM operation: GenCollectForAllocation
Event: 333,564 Executing VM operation: GenCollectForAllocation done
Event: 338,394 Executing VM operation: GenCollectForAllocation
Event: 338,401 Executing VM operation: GenCollectForAllocation done
Event: 343,293 Executing VM operation: GenCollectForAllocation
Event: 343,300 Executing VM operation: GenCollectForAllocation done
Event: 348,264 Executing VM operation: GenCollectForAllocation
Event: 348,272 Executing VM operation: GenCollectForAllocation done
Event: 353,299 Executing VM operation: GenCollectForAllocation
Event: 353,306 Executing VM operation: GenCollectForAllocation done


Dynamic libraries:
08048000-08049000 r-xp 00000000 08:03 133604     /usr/lib/jvm/java-7-openjdk/jre/bin/java
08049000-0804a000 rw-p 00000000 08:03 133604     /usr/lib/jvm/java-7-openjdk/jre/bin/java
08c05000-08c26000 rw-p 00000000 00:00 0          [heap]
7c662000-7c700000 rw-p 00000000 00:00 0 
7c700000-7c850000 rw-p 00000000 00:00 0 
7c850000-7c900000 ---p 00000000 00:00 0 
7c900000-7cb00000 rw-p 00000000 00:00 0 
7cb00000-7cd00000 rw-p 00000000 00:00 0 
7cd00000-7cf00000 rw-p 00000000 00:00 0 
7cf00000-7d0ff000 rw-p 00000000 00:00 0 
7d0ff000-7d100000 ---p 00000000 00:00 0 
7d100000-7d300000 rw-p 00000000 00:00 0 
7d300000-7d500000 rw-p 00000000 00:00 0 
7d500000-7d5ff000 rw-p 00000000 00:00 0 
7d5ff000-7d600000 ---p 00000000 00:00 0 
7d600000-7d6ff000 rw-p 00000000 00:00 0 
7d6ff000-7d700000 ---p 00000000 00:00 0 
7d700000-7d900000 rw-p 00000000 00:00 0 
7d900000-7db00000 rw-p 00000000 00:00 0 
7db00000-7dd00000 rw-p 00000000 00:00 0 
7dd00000-7df00000 rw-p 00000000 00:00 0 
7df00000-7e100000 rw-p 00000000 00:00 0 
7e100000-7e300000 rw-p 00000000 00:00 0 
7e300000-7e500000 rw-p 00000000 00:00 0 
7e500000-7e700000 rw-p 00000000 00:00 0 
7e700000-7e8ff000 rw-p 00000000 00:00 0 
7e8ff000-7e900000 ---p 00000000 00:00 0 
7e900000-7eb00000 rw-p 00000000 00:00 0 
7eb00000-7ecff000 rw-p 00000000 00:00 0 
7ecff000-7ed00000 ---p 00000000 00:00 0 
7ed00000-7eeff000 rw-p 00000000 00:00 0 
7eeff000-7ef00000 ---p 00000000 00:00 0 
7ef00000-7f0ff000 rw-p 00000000 00:00 0 
7f0ff000-7f100000 ---p 00000000 00:00 0 
7f100000-7f300000 rw-p 00000000 00:00 0 
7f300000-7f500000 rw-p 00000000 00:00 0 
7f500000-7f700000 rw-p 00000000 00:00 0 
7f700000-7f900000 rw-p 00000000 00:00 0 
7f900000-7fb00000 rw-p 00000000 00:00 0 
7fb00000-7fd00000 rw-p 00000000 00:00 0 
7fd00000-7ff00000 rw-p 00000000 00:00 0 
7ff00000-80100000 rw-p 00000000 00:00 0 
80100000-80300000 rw-p 00000000 00:00 0 
80300000-80500000 rw-p 00000000 00:00 0 
80500000-806ff000 rw-p 00000000 00:00 0 
806ff000-80700000 ---p 00000000 00:00 0 
80700000-80900000 rw-p 00000000 00:00 0 
80900000-809ff000 rw-p 00000000 00:00 0 
809ff000-80a00000 ---p 00000000 00:00 0 
80a00000-80b00000 rw-p 00000000 00:00 0 
80b00000-80d00000 rw-p 00000000 00:00 0 
80d00000-80f00000 rw-p 00000000 00:00 0 
80f00000-810ff000 rw-p 00000000 00:00 0 
810ff000-81100000 ---p 00000000 00:00 0 
81100000-81300000 rw-p 00000000 00:00 0 
81300000-813ff000 rw-p 00000000 00:00 0 
813ff000-81400000 ---p 00000000 00:00 0 
81400000-81500000 rw-p 00000000 00:00 0 
81500000-81600000 rw-p 00000000 00:00 0 
8162c000-81700000 rw-p 00000000 00:00 0 
81700000-818ff000 rw-p 00000000 00:00 0 
818ff000-81900000 ---p 00000000 00:00 0 
81900000-81b00000 rw-p 00000000 00:00 0 
81b00000-81d00000 rw-p 00000000 00:00 0 
81d00000-81f00000 rw-p 00000000 00:00 0 
81f00000-82100000 rw-p 00000000 00:00 0 
82100000-822ff000 rw-p 00000000 00:00 0 
822ff000-82300000 ---p 00000000 00:00 0 
82300000-823ff000 rw-p 00000000 00:00 0 
823ff000-82400000 ---p 00000000 00:00 0 
82400000-82500000 rw-p 00000000 00:00 0 
82500000-826ff000 rw-p 00000000 00:00 0 
826ff000-82700000 ---p 00000000 00:00 0 
82700000-82900000 rw-p 00000000 00:00 0 
82900000-82b00000 rw-p 00000000 00:00 0 
82b00000-82d00000 rw-p 00000000 00:00 0 
82d00000-82f00000 rw-p 00000000 00:00 0 
82f00000-83100000 rw-p 00000000 00:00 0 
83100000-83300000 rw-p 00000000 00:00 0 
83300000-83500000 rw-p 00000000 00:00 0 
83500000-83700000 rw-p 00000000 00:00 0 
83700000-837ff000 rw-p 00000000 00:00 0 
837ff000-83800000 ---p 00000000 00:00 0 
83800000-83900000 rw-p 00000000 00:00 0 
83900000-83aff000 rw-p 00000000 00:00 0 
83aff000-83b00000 ---p 00000000 00:00 0 
83b00000-83d00000 rw-p 00000000 00:00 0 
83d00000-83f00000 rw-p 00000000 00:00 0 
83f00000-83fff000 rw-p 00000000 00:00 0 
83fff000-84000000 ---p 00000000 00:00 0 
84000000-84100000 rw-p 00000000 00:00 0 
84100000-84300000 rw-p 00000000 00:00 0 
84300000-84500000 rw-p 00000000 00:00 0 
84500000-84700000 rw-p 00000000 00:00 0 
84700000-848ff000 rw-p 00000000 00:00 0 
848ff000-84900000 ---p 00000000 00:00 0 
84900000-84b00000 rw-p 00000000 00:00 0 
84b00000-84d00000 rw-p 00000000 00:00 0 
84d00000-84f00000 rw-p 00000000 00:00 0 
84f00000-85100000 rw-p 00000000 00:00 0 
85100000-852ff000 rw-p 00000000 00:00 0 
852ff000-85300000 ---p 00000000 00:00 0 
85300000-854ff000 rw-p 00000000 00:00 0 
854ff000-85500000 ---p 00000000 00:00 0 
85500000-85700000 rw-p 00000000 00:00 0 
85700000-857ff000 rw-p 00000000 00:00 0 
857ff000-85800000 ---p 00000000 00:00 0 
85800000-85900000 rw-p 00000000 00:00 0 
85900000-85b00000 rw-p 00000000 00:00 0 
85b00000-85c00000 rw-p 00000000 00:00 0 
85c00000-85e00000 rw-p 00000000 00:00 0 
85e00000-85fff000 rw-p 00000000 00:00 0 
85fff000-86000000 ---p 00000000 00:00 0 
86000000-86200000 rw-p 00000000 00:00 0 
86200000-863ff000 rw-p 00000000 00:00 0 
863ff000-86400000 ---p 00000000 00:00 0 
86400000-86600000 rw-p 00000000 00:00 0 
86600000-86800000 rw-p 00000000 00:00 0 
86800000-86a00000 rw-p 00000000 00:00 0 
86a00000-86bff000 rw-p 00000000 00:00 0 
86bff000-86c00000 ---p 00000000 00:00 0 
86c00000-86e00000 rw-p 00000000 00:00 0 
86e00000-86eff000 rw-p 00000000 00:00 0 
86eff000-86f00000 ---p 00000000 00:00 0 
86f00000-86fff000 rw-p 00000000 00:00 0 
86fff000-87000000 ---p 00000000 00:00 0 
87000000-87200000 rw-p 00000000 00:00 0 
87200000-87400000 rw-p 00000000 00:00 0 
87400000-875ff000 rw-p 00000000 00:00 0 
875ff000-87600000 ---p 00000000 00:00 0 
87600000-87800000 rw-p 00000000 00:00 0 
87800000-87a00000 rw-p 00000000 00:00 0 
87a00000-87aff000 rw-p 00000000 00:00 0 
87aff000-87b00000 ---p 00000000 00:00 0 
87b00000-87c00000 rw-p 00000000 00:00 0 
87c00000-87cff000 rw-p 00000000 00:00 0 
87cff000-87d00000 ---p 00000000 00:00 0 
87d00000-87e00000 rw-p 00000000 00:00 0 
87e00000-87eff000 rw-p 00000000 00:00 0 
87eff000-87f00000 ---p 00000000 00:00 0 
87f00000-88000000 rw-p 00000000 00:00 0 
88000000-881ff000 rw-p 00000000 00:00 0 
881ff000-88200000 ---p 00000000 00:00 0 
88200000-88400000 rw-p 00000000 00:00 0 
88400000-88600000 rw-p 00000000 00:00 0 
88600000-88800000 rw-p 00000000 00:00 0 
88800000-88a00000 rw-p 00000000 00:00 0 
88a00000-88aff000 rw-p 00000000 00:00 0 
88aff000-88b00000 ---p 00000000 00:00 0 
88b00000-88c00000 rw-p 00000000 00:00 0 
88c00000-88e00000 rw-p 00000000 00:00 0 
88e00000-89000000 rw-p 00000000 00:00 0 
89000000-891ff000 rw-p 00000000 00:00 0 
891ff000-89200000 ---p 00000000 00:00 0 
89200000-893ff000 rw-p 00000000 00:00 0 
893ff000-89400000 ---p 00000000 00:00 0 
89400000-89600000 rw-p 00000000 00:00 0 
89600000-89800000 rw-p 00000000 00:00 0 
89800000-89a00000 rw-p 00000000 00:00 0 
89a00000-89bff000 rw-p 00000000 00:00 0 
89bff000-89c00000 ---p 00000000 00:00 0 
89c00000-89e00000 rw-p 00000000 00:00 0 
89e00000-8a000000 rw-p 00000000 00:00 0 
8a000000-8a200000 rw-p 00000000 00:00 0 
8a200000-8a400000 rw-p 00000000 00:00 0 
8a400000-8a500000 rw-s 10e043000 00:05 8549      /dev/dri/card0
8a500000-8a5ff000 rw-p 00000000 00:00 0 
8a5ff000-8a600000 ---p 00000000 00:00 0 
8a63e000-8aac4000 rw-p 00000000 00:00 0 
8aac4000-8ab1b000 rw-p 00000000 00:00 0 
8ab35000-8ab45000 rw-s 12390c000 00:05 8549      /dev/dri/card0
8ab55000-8ab65000 rw-s 1236f0000 00:05 8549      /dev/dri/card0
8ab69000-8ab6a000 rw-p 00000000 00:00 0 
8ab6a000-8ab6b000 rw-s 1239e8000 00:05 8549      /dev/dri/card0
8ab6b000-8abaf000 rw-p 00000000 00:00 0 
8abaf000-8abb0000 ---p 00000000 00:00 0 
8abb0000-8b3b0000 rw-p 00000000 00:00 0          [stack:3192]
8b3b0000-8c8c2000 r-xp 00000000 08:03 34265      /usr/lib/xorg/modules/dri/r600_dri.so
8c8c2000-8c90d000 r--p 01511000 08:03 34265      /usr/lib/xorg/modules/dri/r600_dri.so
8c90d000-8c91d000 rw-p 0155c000 08:03 34265      /usr/lib/xorg/modules/dri/r600_dri.so
8c91d000-8cb00000 rw-p 00000000 00:00 0 
8cb00000-8cc00000 rw-p 00000000 00:00 0 
8cc00000-8cc01000 rw-s 1239e6000 00:05 8549      /dev/dri/card0
8cc01000-8cc5c000 r-xp 00000000 08:04 12195307   /home/max/java_projects/jRogue/libs/native/linux/liblwjgl.so
8cc5c000-8cc5d000 r--p 0005a000 08:04 12195307   /home/max/java_projects/jRogue/libs/native/linux/liblwjgl.so
8cc5d000-8cc5e000 rw-p 0005b000 08:04 12195307   /home/max/java_projects/jRogue/libs/native/linux/liblwjgl.so
8cc5e000-8cc61000 ---p 00000000 00:00 0 
8cc61000-8ccaf000 rw-p 00000000 00:00 0          [stack:3186]
8ccaf000-8ccb2000 ---p 00000000 00:00 0 
8ccb2000-8cd00000 rw-p 00000000 00:00 0          [stack:3185]
8cd00000-8cdeb000 rw-p 00000000 00:00 0 
8cdeb000-8ce00000 ---p 00000000 00:00 0 
8ce00000-8ce01000 rw-s 1239e4000 00:05 8549      /dev/dri/card0
8ce01000-8ce02000 rw-s 1239e2000 00:05 8549      /dev/dri/card0
8ce02000-8ce03000 rw-s 1239e0000 00:05 8549      /dev/dri/card0
8ce03000-8ce04000 rw-s 1239de000 00:05 8549      /dev/dri/card0
8ce04000-8ce05000 rw-s 1239dc000 00:05 8549      /dev/dri/card0
8ce05000-8ce06000 rw-s 1239da000 00:05 8549      /dev/dri/card0
8ce06000-8ce07000 rw-s 1239d8000 00:05 8549      /dev/dri/card0
8ce07000-8ce08000 rw-s 1239d6000 00:05 8549      /dev/dri/card0
8ce08000-8ce09000 rw-s 1239d4000 00:05 8549      /dev/dri/card0
8ce09000-8ce0a000 rw-s 10e3b2000 00:05 8549      /dev/dri/card0
8ce0a000-8ce0b000 rw-s 10e3b1000 00:05 8549      /dev/dri/card0
8ce0b000-8ce1b000 rw-s 104ccd000 00:05 8549      /dev/dri/card0
8ce1b000-8ce27000 r-xp 00000000 08:03 20221      /usr/lib/libdrm_radeon.so.1.0.1
8ce27000-8ce28000 r--p 0000b000 08:03 20221      /usr/lib/libdrm_radeon.so.1.0.1
8ce28000-8ce29000 rw-p 0000c000 08:03 20221      /usr/lib/libdrm_radeon.so.1.0.1
8ce29000-8ce2c000 ---p 00000000 00:00 0 
8ce2c000-8ce38000 rw-p 00000000 00:00 0 
8ce38000-8ce41000 r--s 000bc000 08:03 130574     /usr/lib/jvm/java-7-openjdk/jre/lib/resources.jar
8ce41000-8ce8b000 r-xp 00000000 08:03 12142      /usr/lib/libdbus-1.so.3.7.3
8ce8b000-8ce8c000 r--p 00049000 08:03 12142      /usr/lib/libdbus-1.so.3.7.3
8ce8c000-8ce8d000 rw-p 0004a000 08:03 12142      /usr/lib/libdbus-1.so.3.7.3
8ce8d000-8cef6000 r-xp 00000000 08:03 7282       /usr/lib/libgmp.so.10.1.1
8cef6000-8cef7000 ---p 00069000 08:03 7282       /usr/lib/libgmp.so.10.1.1
8cef7000-8cef8000 r--p 00069000 08:03 7282       /usr/lib/libgmp.so.10.1.1
8cef8000-8ceff000 rw-p 0006a000 08:03 7282       /usr/lib/libgmp.so.10.1.1
8ceff000-8cf2b000 r-xp 00000000 08:03 50802      /usr/lib/libhogweed.so.2.4
8cf2b000-8cf2c000 ---p 0002c000 08:03 50802      /usr/lib/libhogweed.so.2.4
8cf2c000-8cf2d000 r--p 0002c000 08:03 50802      /usr/lib/libhogweed.so.2.4
8cf2d000-8cf2e000 rw-p 0002d000 08:03 50802      /usr/lib/libhogweed.so.2.4
8cf2e000-8cf5f000 r-xp 00000000 08:03 50804      /usr/lib/libnettle.so.4.6
8cf5f000-8cf60000 r--p 00030000 08:03 50804      /usr/lib/libnettle.so.4.6
8cf60000-8cf61000 rw-p 00031000 08:03 50804      /usr/lib/libnettle.so.4.6
8cf61000-8cf73000 r-xp 00000000 08:03 42178      /usr/lib/libtasn1.so.6.1.1
8cf73000-8cf74000 r--p 00011000 08:03 42178      /usr/lib/libtasn1.so.6.1.1
8cf74000-8cf75000 rw-p 00012000 08:03 42178      /usr/lib/libtasn1.so.6.1.1
8cf75000-8cf91000 r-xp 00000000 08:03 49692      /usr/lib/libp11-kit.so.0.0.0
8cf91000-8cf92000 ---p 0001c000 08:03 49692      /usr/lib/libp11-kit.so.0.0.0
8cf92000-8cf93000 r--p 0001c000 08:03 49692      /usr/lib/libp11-kit.so.0.0.0
8cf93000-8cf94000 rw-p 0001d000 08:03 49692      /usr/lib/libp11-kit.so.0.0.0
8cf94000-8cf97000 r-xp 00000000 08:03 31084      /usr/lib/libkeyutils.so.1.4
8cf97000-8cf98000 r--p 00002000 08:03 31084      /usr/lib/libkeyutils.so.1.4
8cf98000-8cf99000 rw-p 00003000 08:03 31084      /usr/lib/libkeyutils.so.1.4
8cf99000-8cfa4000 r-xp 00000000 08:03 501        /usr/lib/libkrb5support.so.0.1
8cfa4000-8cfa5000 r--p 0000a000 08:03 501        /usr/lib/libkrb5support.so.0.1
8cfa5000-8cfa6000 rw-p 0000b000 08:03 501        /usr/lib/libkrb5support.so.0.1
8cfa6000-8cfaa000 r-xp 00000000 08:03 29736      /usr/lib/libXxf86vm.so.1.0.0
8cfaa000-8cfab000 r--p 00003000 08:03 29736      /usr/lib/libXxf86vm.so.1.0.0
8cfab000-8cfac000 rw-p 00004000 08:03 29736      /usr/lib/libXxf86vm.so.1.0.0
8cfac000-8cfc3000 r-xp 00000000 08:03 42708      /usr/lib/libxcb-glx.so.0.0.0
8cfc3000-8cfc4000 r--p 00017000 08:03 42708      /usr/lib/libxcb-glx.so.0.0.0
8cfc4000-8cfc5000 rw-p 00018000 08:03 42708      /usr/lib/libxcb-glx.so.0.0.0
8cfc5000-8cfd0000 r-xp 00000000 08:03 16920      /usr/lib/libdrm.so.2.4.0
8cfd0000-8cfd1000 r--p 0000a000 08:03 16920      /usr/lib/libdrm.so.2.4.0
8cfd1000-8cfd2000 rw-p 0000b000 08:03 16920      /usr/lib/libdrm.so.2.4.0
8cfd2000-8cfe3000 r-xp 00000000 08:03 27621      /usr/lib/libudev.so.1.3.5
8cfe3000-8cfe4000 r--p 00010000 08:03 27621      /usr/lib/libudev.so.1.3.5
8cfe4000-8cfe5000 rw-p 00011000 08:03 27621      /usr/lib/libudev.so.1.3.5
8cfe5000-8cff4000 r-xp 00000000 08:03 16197      /usr/lib/libglapi.so.0.0.0
8cff4000-8cff6000 r--p 0000f000 08:03 16197      /usr/lib/libglapi.so.0.0.0
8cff6000-8cffb000 rwxp 00011000 08:03 16197      /usr/lib/libglapi.so.0.0.0
8cffb000-8d000000 r-xp 00000000 08:03 14291      /usr/lib/libgbm.so.1.0.0
8d000000-8d001000 r--p 00004000 08:03 14291      /usr/lib/libgbm.so.1.0.0
8d001000-8d002000 rw-p 00005000 08:03 14291      /usr/lib/libgbm.so.1.0.0
8d002000-8d010000 r-xp 00000000 08:03 48422      /usr/lib/libwayland-server.so.0.0.0
8d010000-8d011000 r--p 0000d000 08:03 48422      /usr/lib/libwayland-server.so.0.0.0
8d011000-8d012000 rw-p 0000e000 08:03 48422      /usr/lib/libwayland-server.so.0.0.0
8d012000-8d01a000 r-xp 00000000 08:03 48423      /usr/lib/libwayland-client.so.0.1.0
8d01a000-8d01b000 ---p 00008000 08:03 48423      /usr/lib/libwayland-client.so.0.1.0
8d01b000-8d01c000 r--p 00008000 08:03 48423      /usr/lib/libwayland-client.so.0.1.0
8d01c000-8d01d000 rw-p 00009000 08:03 48423      /usr/lib/libwayland-client.so.0.1.0
8d01d000-8d01f000 r-xp 00000000 08:03 42786      /usr/lib/libxcb-shape.so.0.0.0
8d01f000-8d020000 r--p 00002000 08:03 42786      /usr/lib/libxcb-shape.so.0.0.0
8d020000-8d021000 rw-p 00003000 08:03 42786      /usr/lib/libxcb-shape.so.0.0.0
8d021000-8d027000 r-xp 00000000 08:03 42761      /usr/lib/libxcb-xfixes.so.0.0.0
8d027000-8d028000 r--p 00005000 08:03 42761      /usr/lib/libxcb-xfixes.so.0.0.0
8d028000-8d029000 rw-p 00006000 08:03 42761      /usr/lib/libxcb-xfixes.so.0.0.0
8d029000-8d02d000 r-xp 00000000 08:03 42790      /usr/lib/libxcb-dri2.so.0.0.0
8d02d000-8d02e000 r--p 00003000 08:03 42790      /usr/lib/libxcb-dri2.so.0.0.0
8d02e000-8d02f000 rw-p 00004000 08:03 42790      /usr/lib/libxcb-dri2.so.0.0.0
8d02f000-8e577000 r--p 00000000 08:03 3415       /usr/lib/libicudata.so.51.1
8e577000-8e578000 r--p 01547000 08:03 3415       /usr/lib/libicudata.so.51.1
8e578000-8e6d6000 r-xp 00000000 08:03 3441       /usr/lib/libicuuc.so.51.1
8e6d6000-8e6e0000 r--p 0015e000 08:03 3441       /usr/lib/libicuuc.so.51.1
8e6e0000-8e6e1000 rw-p 00168000 08:03 3441       /usr/lib/libicuuc.so.51.1
8e6e1000-8e6e5000 rw-p 00000000 00:00 0 
8e6e5000-8e72c000 r-xp 00000000 08:03 3433       /usr/lib/libicule.so.51.1
8e72c000-8e72e000 r--p 00046000 08:03 3433       /usr/lib/libicule.so.51.1
8e72e000-8e72f000 rw-p 00048000 08:03 3433       /usr/lib/libicule.so.51.1
8e72f000-8e74c000 r-xp 00000000 08:03 14789      /usr/lib/libgraphite2.so.3.0.1
8e74c000-8e74d000 r--p 0001d000 08:03 14789      /usr/lib/libgraphite2.so.3.0.1
8e74d000-8e74e000 rw-p 0001e000 08:03 14789      /usr/lib/libgraphite2.so.3.0.1
8e74e000-8e753000 r-xp 00000000 08:03 25789      /usr/lib/libXdmcp.so.6.0.0
8e753000-8e754000 r--p 00004000 08:03 25789      /usr/lib/libXdmcp.so.6.0.0
8e754000-8e755000 rw-p 00005000 08:03 25789      /usr/lib/libXdmcp.so.6.0.0
8e755000-8e757000 r-xp 00000000 08:03 25984      /usr/lib/libXau.so.6.0.0
8e757000-8e758000 r--p 00001000 08:03 25984      /usr/lib/libXau.so.6.0.0
8e758000-8e759000 rw-p 00002000 08:03 25984      /usr/lib/libXau.so.6.0.0
8e759000-8e762000 r-xp 00000000 08:03 124        /usr/lib/libcrypt-2.17.so
8e762000-8e763000 r--p 00008000 08:03 124        /usr/lib/libcrypt-2.17.so
8e763000-8e764000 rw-p 00009000 08:03 124        /usr/lib/libcrypt-2.17.so
8e764000-8e78b000 rw-p 00000000 00:00 0 
8e78b000-8e79b000 r-xp 00000000 08:03 17110      /usr/lib/libavahi-client.so.3.2.9
8e79b000-8e79c000 r--p 0000f000 08:03 17110      /usr/lib/libavahi-client.so.3.2.9
8e79c000-8e79d000 rw-p 00010000 08:03 17110      /usr/lib/libavahi-client.so.3.2.9
8e79d000-8e7a9000 r-xp 00000000 08:03 17089      /usr/lib/libavahi-common.so.3.5.3
8e7a9000-8e7aa000 r--p 0000b000 08:03 17089      /usr/lib/libavahi-common.so.3.5.3
8e7aa000-8e7ab000 rw-p 0000c000 08:03 17089      /usr/lib/libavahi-common.so.3.5.3
8e7ab000-8e8bc000 r-xp 00000000 08:03 14860      /usr/lib/libgnutls.so.28.19.0
8e8bc000-8e8c1000 r--p 00110000 08:03 14860      /usr/lib/libgnutls.so.28.19.0
8e8c1000-8e8c3000 rw-p 00115000 08:03 14860      /usr/lib/libgnutls.so.28.19.0
8e8c3000-8e8c6000 r-xp 00000000 08:03 7877       /usr/lib/libcom_err.so.2.1
8e8c6000-8e8c7000 r--p 00002000 08:03 7877       /usr/lib/libcom_err.so.2.1
8e8c7000-8e8c8000 rw-p 00003000 08:03 7877       /usr/lib/libcom_err.so.2.1
8e8c8000-8e8fb000 r-xp 00000000 08:03 503        /usr/lib/libk5crypto.so.3.1
8e8fb000-8e8fc000 r--p 00032000 08:03 503        /usr/lib/libk5crypto.so.3.1
8e8fc000-8e8fd000 rw-p 00033000 08:03 503        /usr/lib/libk5crypto.so.3.1
8e8fd000-8e8fe000 rw-p 00000000 00:00 0 
8e8fe000-8e9c0000 r-xp 00000000 08:03 504        /usr/lib/libkrb5.so.3.3
8e9c0000-8e9c6000 r--p 000c2000 08:03 504        /usr/lib/libkrb5.so.3.3
8e9c6000-8e9c8000 rw-p 000c8000 08:03 504        /usr/lib/libkrb5.so.3.3
8e9c8000-8ea0d000 r-xp 00000000 08:03 505        /usr/lib/libgssapi_krb5.so.2.2
8ea0d000-8ea0e000 ---p 00045000 08:03 505        /usr/lib/libgssapi_krb5.so.2.2
8ea0e000-8ea0f000 r--p 00045000 08:03 505        /usr/lib/libgssapi_krb5.so.2.2
8ea0f000-8ea10000 rw-p 00046000 08:03 505        /usr/lib/libgssapi_krb5.so.2.2
8ea10000-8ea36000 r-xp 00000000 08:03 12099      /usr/lib/libexpat.so.1.6.0
8ea36000-8ea38000 r--p 00025000 08:03 12099      /usr/lib/libexpat.so.1.6.0
8ea38000-8ea39000 rw-p 00027000 08:03 12099      /usr/lib/libexpat.so.1.6.0
8ea39000-8ea48000 r-xp 00000000 08:03 15352      /usr/lib/libbz2.so.1.0.6
8ea48000-8ea49000 rw-p 0000f000 08:03 15352      /usr/lib/libbz2.so.1.0.6
8ea49000-8ea9b000 r-xp 00000000 08:03 17997      /usr/lib/mesa-libGL.so.1.2.0
8ea9b000-8ea9d000 r--p 00051000 08:03 17997      /usr/lib/mesa-libGL.so.1.2.0
8ea9d000-8eaa1000 rwxp 00053000 08:03 17997      /usr/lib/mesa-libGL.so.1.2.0
8eaa1000-8eaa2000 rwxp 00000000 00:00 0 
8eaa2000-8eaab000 r-xp 00000000 08:03 42806      /usr/lib/libxcb-render.so.0.0.0
8eaab000-8eaac000 r--p 00008000 08:03 42806      /usr/lib/libxcb-render.so.0.0.0
8eaac000-8eaad000 rw-p 00009000 08:03 42806      /usr/lib/libxcb-render.so.0.0.0
8eaad000-8eaaf000 r-xp 00000000 08:03 42709      /usr/lib/libxcb-shm.so.0.0.0
8eaaf000-8eab0000 r--p 00001000 08:03 42709      /usr/lib/libxcb-shm.so.0.0.0
8eab0000-8eab1000 rw-p 00002000 08:03 42709      /usr/lib/libxcb-shm.so.0.0.0
8eab1000-8eae8000 r-xp 00000000 08:03 6730       /usr/lib/libpng16.so.16.2.0
8eae8000-8eae9000 r--p 00036000 08:03 6730       /usr/lib/libpng16.so.16.2.0
8eae9000-8eaea000 rw-p 00037000 08:03 6730       /usr/lib/libpng16.so.16.2.0
8eaea000-8eb0a000 r-xp 00000000 08:03 14288      /usr/lib/libEGL.so.1.0.0
8eb0a000-8eb0b000 ---p 00020000 08:03 14288      /usr/lib/libEGL.so.1.0.0
8eb0b000-8eb0c000 r--p 00020000 08:03 14288      /usr/lib/libEGL.so.1.0.0
8eb0c000-8eb0d000 rw-p 00021000 08:03 14288      /usr/lib/libEGL.so.1.0.0
8eb0d000-8ebb1000 r-xp 00000000 08:03 56028      /usr/lib/libpixman-1.so.0.30.0
8ebb1000-8ebb6000 r--p 000a4000 08:03 56028      /usr/lib/libpixman-1.so.0.30.0
8ebb6000-8ebb7000 rw-p 000a9000 08:03 56028      /usr/lib/libpixman-1.so.0.30.0
8ebb7000-8ec49000 r-xp 00000000 08:03 14795      /usr/lib/libharfbuzz.so.0.916.0
8ec49000-8ec4a000 ---p 00092000 08:03 14795      /usr/lib/libharfbuzz.so.0.916.0
8ec4a000-8ec4b000 r--p 00092000 08:03 14795      /usr/lib/libharfbuzz.so.0.916.0
8ec4b000-8ec4c000 rw-p 00093000 08:03 14795      /usr/lib/libharfbuzz.so.0.916.0
8ec4c000-8ec4e000 r-xp 00000000 08:03 29866      /usr/lib/libXdamage.so.1.1.0
8ec4e000-8ec4f000 r--p 00001000 08:03 29866      /usr/lib/libXdamage.so.1.1.0
8ec4f000-8ec50000 rw-p 00002000 08:03 29866      /usr/lib/libXdamage.so.1.1.0
8ec50000-8ec52000 r-xp 00000000 08:03 29802      /usr/lib/libXcomposite.so.1.0.0
8ec52000-8ec53000 r--p 00001000 08:03 29802      /usr/lib/libXcomposite.so.1.0.0
8ec53000-8ec54000 rw-p 00002000 08:03 29802      /usr/lib/libXcomposite.so.1.0.0
8ec54000-8ec5d000 r-xp 00000000 08:03 29550      /usr/lib/libXcursor.so.1.0.2
8ec5d000-8ec5e000 r--p 00008000 08:03 29550      /usr/lib/libXcursor.so.1.0.2
8ec5e000-8ec5f000 rw-p 00009000 08:03 29550      /usr/lib/libXcursor.so.1.0.2
8ec5f000-8ec68000 r-xp 00000000 08:03 29484      /usr/lib/libXrandr.so.2.2.0
8ec68000-8ec69000 r--p 00008000 08:03 29484      /usr/lib/libXrandr.so.2.2.0
8ec69000-8ec6a000 rw-p 00009000 08:03 29484      /usr/lib/libXrandr.so.2.2.0
8ec6a000-8ec8a000 r-xp 00000000 08:03 42772      /usr/lib/libxcb.so.1.1.0
8ec8a000-8ec8b000 r--p 0001f000 08:03 42772      /usr/lib/libxcb.so.1.1.0
8ec8b000-8ec8c000 rw-p 00020000 08:03 42772      /usr/lib/libxcb.so.1.1.0
8ec8c000-8ece7000 r-xp 00000000 08:03 5959       /usr/lib/libcups.so.2
8ece7000-8ecea000 rw-p 0005b000 08:03 5959       /usr/lib/libcups.so.2
8ecea000-8ed23000 r-xp 00000000 08:03 48205      /usr/lib/libfontconfig.so.1.7.0
8ed23000-8ed24000 r--p 00038000 08:03 48205      /usr/lib/libfontconfig.so.1.7.0
8ed24000-8ed25000 rw-p 00039000 08:03 48205      /usr/lib/libfontconfig.so.1.7.0
8ed25000-8edc0000 r-xp 00000000 08:03 6748       /usr/lib/libfreetype.so.6.10.1
8edc0000-8edc4000 r--p 0009a000 08:03 6748       /usr/lib/libfreetype.so.6.10.1
8edc4000-8edc5000 rw-p 0009e000 08:03 6748       /usr/lib/libfreetype.so.6.10.1
8edc5000-8ee0d000 r-xp 00000000 08:03 48364      /usr/lib/libpango-1.0.so.0.3400.1
8ee0d000-8ee0e000 ---p 00048000 08:03 48364      /usr/lib/libpango-1.0.so.0.3400.1
8ee0e000-8ee0f000 r--p 00048000 08:03 48364      /usr/lib/libpango-1.0.so.0.3400.1
8ee0f000-8ee10000 rw-p 00049000 08:03 48364      /usr/lib/libpango-1.0.so.0.3400.1
8ee10000-8ee24000 r-xp 00000000 08:03 48366      /usr/lib/libpangoft2-1.0.so.0.3400.1
8ee24000-8ee25000 r--p 00013000 08:03 48366      /usr/lib/libpangoft2-1.0.so.0.3400.1
8ee25000-8ee26000 rw-p 00014000 08:03 48366      /usr/lib/libpangoft2-1.0.so.0.3400.1
8ee26000-8ee49000 r-xp 00000000 08:03 30196      /usr/lib/libgdk_pixbuf-2.0.so.0.2800.1
8ee49000-8ee4a000 r--p 00023000 08:03 30196      /usr/lib/libgdk_pixbuf-2.0.so.0.2800.1
8ee4a000-8ee4b000 rw-p 00024000 08:03 30196      /usr/lib/libgdk_pixbuf-2.0.so.0.2800.1
8ee4b000-8ef7f000 r-xp 00000000 08:03 419        /usr/lib/libcairo.so.2.11200.14
8ef7f000-8ef81000 r--p 00133000 08:03 419        /usr/lib/libcairo.so.2.11200.14
8ef81000-8ef82000 rw-p 00135000 08:03 419        /usr/lib/libcairo.so.2.11200.14
8ef82000-8ef83000 rw-p 00000000 00:00 0 
8ef83000-8efa2000 r-xp 00000000 08:03 41861      /usr/lib/libatk-1.0.so.0.20809.1
8efa2000-8efa4000 r--p 0001e000 08:03 41861      /usr/lib/libatk-1.0.so.0.20809.1
8efa4000-8efa5000 rw-p 00020000 08:03 41861      /usr/lib/libatk-1.0.so.0.20809.1
8efa5000-8f050000 r-xp 00000000 08:03 17383      /usr/lib/libgdk-x11-2.0.so.0.2400.18
8f050000-8f052000 r--p 000ab000 08:03 17383      /usr/lib/libgdk-x11-2.0.so.0.2400.18
8f052000-8f053000 rw-p 000ad000 08:03 17383      /usr/lib/libgdk-x11-2.0.so.0.2400.18
8f053000-8f4ae000 r-xp 00000000 08:03 18755      /usr/lib/libgtk-x11-2.0.so.0.2400.18
8f4ae000-8f4b2000 r--p 0045a000 08:03 18755      /usr/lib/libgtk-x11-2.0.so.0.2400.18
8f4b2000-8f4b4000 rw-p 0045e000 08:03 18755      /usr/lib/libgtk-x11-2.0.so.0.2400.18
8f4b4000-8f4b6000 rw-p 00000000 00:00 0 
8f4b6000-8f5e8000 r-xp 00000000 08:03 9761       /usr/lib/libX11.so.6.3.0
8f5e8000-8f5e9000 r--p 00131000 08:03 9761       /usr/lib/libX11.so.6.3.0
8f5e9000-8f5ec000 rw-p 00132000 08:03 9761       /usr/lib/libX11.so.6.3.0
8f5ec000-8f5ed000 rw-s 10e3a0000 00:05 8549      /dev/dri/card0
8f5ed000-8f5ee000 rw-s 1239d2000 00:05 8549      /dev/dri/card0
8f5ee000-8f5ef000 rw-s 10e145000 00:05 8549      /dev/dri/card0
8f5ef000-8f5f0000 rw-s 10e144000 00:05 8549      /dev/dri/card0
8f5f0000-8f5f1000 rw-s 10e014000 00:05 8549      /dev/dri/card0
8f5f1000-8f5f2000 rw-s 10e013000 00:05 8549      /dev/dri/card0
8f5f2000-8f621000 r--p 00000000 08:03 13978      /usr/share/locale/ru/LC_MESSAGES/libc.mo
8f621000-8f672000 r-xp 00000000 08:03 419509     /usr/lib/jvm/java-7-openjdk/jre/lib/i386/xawt/libmawt.so
8f672000-8f674000 rw-p 00051000 08:03 419509     /usr/lib/jvm/java-7-openjdk/jre/lib/i386/xawt/libmawt.so
8f674000-8f675000 rw-p 00000000 00:00 0 
8f675000-8f704000 r-xp 00000000 08:03 133576     /usr/lib/jvm/java-7-openjdk/jre/lib/i386/libawt.so
8f704000-8f70b000 rw-p 0008f000 08:03 133576     /usr/lib/jvm/java-7-openjdk/jre/lib/i386/libawt.so
8f70b000-8f72f000 rw-p 00000000 00:00 0 
8f72f000-8f795000 r-xp 00000000 08:03 11824      /usr/lib/libpcre.so.1.2.0
8f795000-8f796000 r--p 00066000 08:03 11824      /usr/lib/libpcre.so.1.2.0
8f796000-8f797000 rw-p 00067000 08:03 11824      /usr/lib/libpcre.so.1.2.0
8f797000-8f897000 r-xp 00000000 08:03 47645      /usr/lib/libglib-2.0.so.0.3600.2
8f897000-8f898000 r--p 000ff000 08:03 47645      /usr/lib/libglib-2.0.so.0.3600.2
8f898000-8f899000 rw-p 00100000 08:03 47645      /usr/lib/libglib-2.0.so.0.3600.2
8f899000-8f9fb000 r-xp 00000000 08:03 47649      /usr/lib/libgio-2.0.so.0.3600.2
8f9fb000-8f9fc000 ---p 00162000 08:03 47649      /usr/lib/libgio-2.0.so.0.3600.2
8f9fc000-8f9fe000 r--p 00162000 08:03 47649      /usr/lib/libgio-2.0.so.0.3600.2
8f9fe000-8f9ff000 rw-p 00164000 08:03 47649      /usr/lib/libgio-2.0.so.0.3600.2
8f9ff000-8fa00000 rw-p 00000000 00:00 0 
8fa00000-8fb00000 rw-p 00000000 00:00 0 
8fb00000-8fb01000 rwxp 00000000 00:00 0 
8fb01000-8fb02000 rw-s 104cdf000 00:05 8549      /dev/dri/card0
8fb02000-8fb03000 rw-s 104cde000 00:05 8549      /dev/dri/card0
8fb03000-8fb05000 r-xp 00000000 08:03 29818      /usr/lib/libXinerama.so.1.0.0
8fb05000-8fb06000 r--p 00001000 08:03 29818      /usr/lib/libXinerama.so.1.0.0
8fb06000-8fb07000 rw-p 00002000 08:03 29818      /usr/lib/libXinerama.so.1.0.0
8fb07000-8fb0b000 r-xp 00000000 08:03 29507      /usr/lib/libXfixes.so.3.1.0
8fb0b000-8fb0c000 r--p 00003000 08:03 29507      /usr/lib/libXfixes.so.3.1.0
8fb0c000-8fb0d000 rw-p 00004000 08:03 29507      /usr/lib/libXfixes.so.3.1.0
8fb0d000-8fb18000 r-xp 00000000 08:03 48368      /usr/lib/libpangocairo-1.0.so.0.3400.1
8fb18000-8fb19000 r--p 0000a000 08:03 48368      /usr/lib/libpangocairo-1.0.so.0.3400.1
8fb19000-8fb1a000 rw-p 0000b000 08:03 48368      /usr/lib/libpangocairo-1.0.so.0.3400.1
8fb1a000-8fb28000 r-xp 00000000 08:03 29669      /usr/lib/libXi.so.6.1.0
8fb28000-8fb29000 r--p 0000d000 08:03 29669      /usr/lib/libXi.so.6.1.0
8fb29000-8fb2a000 rw-p 0000e000 08:03 29669      /usr/lib/libXi.so.6.1.0
8fb2a000-8fb2f000 r-xp 00000000 08:03 29702      /usr/lib/libXtst.so.6.1.0
8fb2f000-8fb30000 r--p 00004000 08:03 29702      /usr/lib/libXtst.so.6.1.0
8fb30000-8fb31000 rw-p 00005000 08:03 29702      /usr/lib/libXtst.so.6.1.0
8fb31000-8fb44000 r-xp 00000000 08:03 140        /usr/lib/libresolv-2.17.so
8fb44000-8fb45000 ---p 00013000 08:03 140        /usr/lib/libresolv-2.17.so
8fb45000-8fb46000 r--p 00013000 08:03 140        /usr/lib/libresolv-2.17.so
8fb46000-8fb47000 rw-p 00014000 08:03 140        /usr/lib/libresolv-2.17.so
8fb47000-8fb49000 rw-p 00000000 00:00 0 
8fb49000-8fb96000 r-xp 00000000 08:03 47648      /usr/lib/libgobject-2.0.so.0.3600.2
8fb96000-8fb97000 r--p 0004d000 08:03 47648      /usr/lib/libgobject-2.0.so.0.3600.2
8fb97000-8fb98000 rw-p 0004e000 08:03 47648      /usr/lib/libgobject-2.0.so.0.3600.2
8fb98000-8fb99000 r-xp 00000000 08:03 9762       /usr/lib/libX11-xcb.so.1.0.0
8fb99000-8fb9a000 r--p 00000000 08:03 9762       /usr/lib/libX11-xcb.so.1.0.0
8fb9a000-8fb9b000 rw-p 00001000 08:03 9762       /usr/lib/libX11-xcb.so.1.0.0
8fb9b000-8fb9c000 r-xp 00000000 08:03 47647      /usr/lib/libgthread-2.0.so.0.3600.2
8fb9c000-8fb9d000 r--p 00000000 08:03 47647      /usr/lib/libgthread-2.0.so.0.3600.2
8fb9d000-8fb9e000 rw-p 00001000 08:03 47647      /usr/lib/libgthread-2.0.so.0.3600.2
8fb9e000-8fba7000 r-xp 00000000 08:03 29430      /usr/lib/libXrender.so.1.3.0
8fba7000-8fba8000 r--p 00008000 08:03 29430      /usr/lib/libXrender.so.1.3.0
8fba8000-8fba9000 rw-p 00009000 08:03 29430      /usr/lib/libXrender.so.1.3.0
8fba9000-8fbba000 r-xp 00000000 08:03 29374      /usr/lib/libXext.so.6.4.0
8fbba000-8fbbb000 r--p 00010000 08:03 29374      /usr/lib/libXext.so.6.4.0
8fbbb000-8fbbc000 rw-p 00011000 08:03 29374      /usr/lib/libXext.so.6.4.0
8fbbc000-8fbcc000 r-xp 00000000 08:03 133550     /usr/lib/jvm/java-7-openjdk/jre/lib/i386/libnio.so
8fbcc000-8fbcd000 rw-p 00010000 08:03 133550     /usr/lib/jvm/java-7-openjdk/jre/lib/i386/libnio.so
8fbcd000-8fbce000 ---p 00000000 00:00 0 
8fbce000-8fc4e000 rw-p 00000000 00:00 0          [stack:3184]
8fc4e000-8fc51000 ---p 00000000 00:00 0 
8fc51000-8fccf000 rw-p 00000000 00:00 0          [stack:3182]
8fccf000-8fe00000 r--p 001c4000 08:03 14663      /usr/lib/locale/locale-archive
8fe00000-90000000 r--p 00000000 08:03 14663      /usr/lib/locale/locale-archive
90000000-90021000 rw-p 00000000 00:00 0 
90021000-90100000 ---p 00000000 00:00 0 
90100000-90101000 r-xp 00000000 08:03 133577     /usr/lib/jvm/java-7-openjdk/jre/lib/i386/libjawt.so
90101000-90102000 rw-p 00000000 08:03 133577     /usr/lib/jvm/java-7-openjdk/jre/lib/i386/libjawt.so
90102000-9010d000 r--s 001fb000 08:03 130551     /usr/lib/jvm/java-7-openjdk/jre/lib/charsets.jar
9010d000-90110000 ---p 00000000 00:00 0 
90110000-9015e000 rw-p 00000000 00:00 0          [stack:3183]
9015e000-90161000 ---p 00000000 00:00 0 
90161000-901af000 rw-p 00000000 00:00 0          [stack:3181]
901af000-901b2000 ---p 00000000 00:00 0 
901b2000-90200000 rw-p 00000000 00:00 0          [stack:3180]
90200000-902f3000 rw-p 00000000 00:00 0 
902f3000-90300000 ---p 00000000 00:00 0 
90300000-90301000 rw-s 104cdd000 00:05 8549      /dev/dri/card0
90301000-90302000 rw-s 1239d0000 00:05 8549      /dev/dri/card0
90302000-90303000 rw-s 1239ce000 00:05 8549      /dev/dri/card0
90303000-90304000 rw-s 1239cc000 00:05 8549      /dev/dri/card0
90304000-90307000 r-xp 00000000 08:03 47646      /usr/lib/libgmodule-2.0.so.0.3600.2
90307000-90308000 r--p 00002000 08:03 47646      /usr/lib/libgmodule-2.0.so.0.3600.2
90308000-90309000 rw-p 00003000 08:03 47646      /usr/lib/libgmodule-2.0.so.0.3600.2
90309000-9030f000 r-xp 00000000 08:03 14799      /usr/lib/libffi.so.6.0.1
9030f000-90310000 r--p 00005000 08:03 14799      /usr/lib/libffi.so.6.0.1
90310000-90311000 rw-p 00006000 08:03 14799      /usr/lib/libffi.so.6.0.1
90311000-90327000 r-xp 00000000 08:03 133546     /usr/lib/jvm/java-7-openjdk/jre/lib/i386/libnet.so
90327000-90328000 rw-p 00016000 08:03 133546     /usr/lib/jvm/java-7-openjdk/jre/lib/i386/libnet.so
90328000-90335000 r--s 000d9000 08:04 11931603   /home/max/java_projects/jRogue/libs/lwjgl.jar
90335000-90338000 ---p 00000000 00:00 0 
90338000-90386000 rw-p 00000000 00:00 0          [stack:3179]
90386000-90387000 ---p 00000000 00:00 0 
90387000-90407000 rw-p 00000000 00:00 0          [stack:3178]
90407000-905b4000 r--s 01cde000 08:03 130573     /usr/lib/jvm/java-7-openjdk/jre/lib/rt.jar
905b4000-905bc000 rw-p 00000000 00:00 0 
905bc000-9065f000 rw-p 00000000 00:00 0 
9065f000-90663000 rw-p 00000000 00:00 0 
90663000-906b4000 rw-p 00000000 00:00 0 
906b4000-906bd000 rw-p 00000000 00:00 0 
906bd000-9075f000 rw-p 00000000 00:00 0 
9075f000-90765000 rw-p 00000000 00:00 0 
90765000-9077f000 rw-p 00000000 00:00 0 
9077f000-90f50000 rw-p 00000000 00:00 0 
90f50000-9b220000 rw-p 00000000 00:00 0 
9b220000-9c1ae000 rw-p 00000000 00:00 0 
9c1ae000-b0780000 rw-p 00000000 00:00 0 
b0780000-b1380000 rw-p 00000000 00:00 0 
b1380000-b4780000 rw-p 00000000 00:00 0 
b4780000-b4785000 rw-p 00000000 00:00 0 
b4785000-b4800000 rw-p 00000000 00:00 0 
b4800000-b4938000 rwxp 00000000 00:00 0 
b4938000-b68ff000 rw-p 00000000 00:00 0 
b68ff000-b6900000 ---p 00000000 00:00 0 
b6900000-b6903000 r--s 00015000 08:04 11931605   /home/max/java_projects/jRogue/libs/slick-util.jar
b6903000-b6907000 r--s 00027000 08:04 11931604   /home/max/java_projects/jRogue/libs/lwjgl_util.jar
b6907000-b690c000 r--s 00030000 08:04 11931602   /home/max/java_projects/jRogue/libs/jinput.jar
b690c000-b690d000 r--s 00007000 08:04 12191026   /home/max/java_projects/jRogue/libs/libjcsi.jar
b690d000-b690f000 r--s 00019000 08:04 11928363   /home/max/java_projects/jRogue/libs/jcurses-x.jar
b690f000-b6910000 r--s 00005000 08:04 11928364   /home/max/java_projects/jRogue/libs/json-simple-1.1.1.jar
b6910000-b6958000 rw-p 00000000 00:00 0 
b6958000-b6963000 r-xp 00000000 08:03 149        /usr/lib/libnss_files-2.17.so
b6963000-b6964000 r--p 0000a000 08:03 149        /usr/lib/libnss_files-2.17.so
b6964000-b6965000 rw-p 0000b000 08:03 149        /usr/lib/libnss_files-2.17.so
b6965000-b6968000 r--s 0000f000 08:03 419500     /usr/lib/jvm/java-7-openjdk/jre/lib/ext/pulse-java.jar
b6968000-b696f000 rw-p 00000000 00:00 0 
b696f000-b6989000 rw-p 00000000 00:00 0 
b6989000-b6991000 r-xp 00000000 08:03 133545     /usr/lib/jvm/java-7-openjdk/jre/lib/i386/libzip.so
b6991000-b6992000 rw-p 00007000 08:03 133545     /usr/lib/jvm/java-7-openjdk/jre/lib/i386/libzip.so
b6992000-b699a000 rw-s 00000000 00:1d 112171     /tmp/hsperfdata_max/3171
b699a000-b69a1000 r-xp 00000000 08:03 63         /usr/lib/librt-2.17.so
b69a1000-b69a2000 r--p 00006000 08:03 63         /usr/lib/librt-2.17.so
b69a2000-b69a3000 rw-p 00007000 08:03 63         /usr/lib/librt-2.17.so
b69a3000-b69a6000 ---p 00000000 00:00 0 
b69a6000-b69f4000 rw-p 00000000 00:00 0          [stack:3173]
b69f4000-b6a0f000 r-xp 00000000 08:03 19628      /usr/lib/libgcc_s.so.1
b6a0f000-b6a10000 rw-p 0001a000 08:03 19628      /usr/lib/libgcc_s.so.1
b6a10000-b6a51000 r-xp 00000000 08:03 62         /usr/lib/libm-2.17.so
b6a51000-b6a52000 r--p 00040000 08:03 62         /usr/lib/libm-2.17.so
b6a52000-b6a53000 rw-p 00041000 08:03 62         /usr/lib/libm-2.17.so
b6a53000-b6b30000 r-xp 00000000 08:03 15642      /usr/lib/libstdc++.so.6.0.18
b6b30000-b6b34000 r--p 000dc000 08:03 15642      /usr/lib/libstdc++.so.6.0.18
b6b34000-b6b35000 rw-p 000e0000 08:03 15642      /usr/lib/libstdc++.so.6.0.18
b6b35000-b6b3c000 rw-p 00000000 00:00 0 
b6b3c000-b711d000 r-xp 00000000 08:03 419505     /usr/lib/jvm/java-7-openjdk/jre/lib/i386/client/libjvm.so
b711d000-b7142000 rw-p 005e0000 08:03 419505     /usr/lib/jvm/java-7-openjdk/jre/lib/i386/client/libjvm.so
b7142000-b755c000 rw-p 00000000 00:00 0 
b755c000-b7705000 r-xp 00000000 08:03 61         /usr/lib/libc-2.17.so
b7705000-b7707000 r--p 001a8000 08:03 61         /usr/lib/libc-2.17.so
b7707000-b7708000 rw-p 001aa000 08:03 61         /usr/lib/libc-2.17.so
b7708000-b770b000 rw-p 00000000 00:00 0 
b770b000-b770e000 r-xp 00000000 08:03 127        /usr/lib/libdl-2.17.so
b770e000-b770f000 r--p 00002000 08:03 127        /usr/lib/libdl-2.17.so
b770f000-b7710000 rw-p 00003000 08:03 127        /usr/lib/libdl-2.17.so
b7710000-b7711000 rw-p 00000000 00:00 0 
b7711000-b7726000 r-xp 00000000 08:03 6236       /usr/lib/libz.so.1.2.8
b7726000-b7727000 r--p 00014000 08:03 6236       /usr/lib/libz.so.1.2.8
b7727000-b7728000 rw-p 00015000 08:03 6236       /usr/lib/libz.so.1.2.8
b7728000-b7734000 r-xp 00000000 08:03 419502     /usr/lib/jvm/java-7-openjdk/jre/lib/i386/jli/libjli.so
b7734000-b7735000 rw-p 0000b000 08:03 419502     /usr/lib/jvm/java-7-openjdk/jre/lib/i386/jli/libjli.so
b7735000-b774c000 r-xp 00000000 08:03 120        /usr/lib/libpthread-2.17.so
b774c000-b774d000 r--p 00016000 08:03 120        /usr/lib/libpthread-2.17.so
b774d000-b774e000 rw-p 00017000 08:03 120        /usr/lib/libpthread-2.17.so
b774e000-b7751000 rw-p 00000000 00:00 0 
b7751000-b7752000 r--p 00000000 00:00 0 
b7752000-b7778000 r-xp 00000000 08:03 133544     /usr/lib/jvm/java-7-openjdk/jre/lib/i386/libjava.so
b7778000-b7779000 rw-p 00026000 08:03 133544     /usr/lib/jvm/java-7-openjdk/jre/lib/i386/libjava.so
b7779000-b7784000 r-xp 00000000 08:03 133505     /usr/lib/jvm/java-7-openjdk/jre/lib/i386/libverify.so
b7784000-b7785000 rw-p 0000b000 08:03 133505     /usr/lib/jvm/java-7-openjdk/jre/lib/i386/libverify.so
b7785000-b7786000 rw-p 00000000 00:00 0 
b7786000-b7787000 r-xp 00000000 00:00 0          [vdso]
b7787000-b77a7000 r-xp 00000000 08:03 122        /usr/lib/ld-2.17.so
b77a7000-b77a8000 r--p 0001f000 08:03 122        /usr/lib/ld-2.17.so
b77a8000-b77a9000 rw-p 00020000 08:03 122        /usr/lib/ld-2.17.so
bf9ec000-bfa0d000 rw-p 00000000 00:00 0          [stack]

VM Arguments:
jvm_args: -Djava.library.path=/home/max/java_projects/jRogue/libs/native/linux:/home/max/java_projects/jRogue/libs/native -Dfile.encoding=UTF-8 
java_command: rendering.TileRenderer
Launcher Type: SUN_STANDARD

Environment Variables:
JAVA_HOME=/usr/lib/jvm/java-7-openjdk
PATH=/usr/lib/qt4/bin:/home/max/.rvm/gems/ruby-2.0.0-p0/bin:/home/max/.rvm/gems/ruby-2.0.0-p0@global/bin:/home/max/.rvm/rubies/ruby-2.0.0-p0/bin:/home/max/.rvm/bin:/usr/local/bin:/usr/bin:/bin:/usr/local/sbin:/usr/sbin:/sbin:/root/.gem/ruby/1.9.1/bin:/home/max/.gem/ruby/1.9.1/bin:/usr/bin/vendor_perl:/usr/bin/core_perl
LD_LIBRARY_PATH=/usr/lib/jvm/java-7-openjdk/jre/lib/i386/client:/usr/lib/jvm/java-7-openjdk/jre/lib/i386:
SHELL=/bin/bash
DISPLAY=:0

Signal Handlers:
SIGSEGV: [libjvm.so+0x4acfe0], sa_mask[0]=0x7ffbfeff, sa_flags=0x10000004
SIGBUS: [libjvm.so+0x4acfe0], sa_mask[0]=0x7ffbfeff, sa_flags=0x10000004
SIGFPE: [libjvm.so+0x3a7de0], sa_mask[0]=0x7ffbfeff, sa_flags=0x10000004
SIGPIPE: [libjvm.so+0x3a7de0], sa_mask[0]=0x7ffbfeff, sa_flags=0x10000004
SIGXFSZ: [libjvm.so+0x3a7de0], sa_mask[0]=0x7ffbfeff, sa_flags=0x10000004
SIGILL: [libjvm.so+0x3a7de0], sa_mask[0]=0x7ffbfeff, sa_flags=0x10000004
SIGUSR1: SIG_DFL, sa_mask[0]=0x00000000, sa_flags=0x00000000
SIGUSR2: [libjvm.so+0x3a7b30], sa_mask[0]=0x00000004, sa_flags=0x10000004
SIGHUP: [libjvm.so+0x3a7e20], sa_mask[0]=0x7ffbfeff, sa_flags=0x10000004
SIGINT: [libjvm.so+0x3a7e20], sa_mask[0]=0x7ffbfeff, sa_flags=0x10000004
SIGTERM: [libjvm.so+0x3a7e20], sa_mask[0]=0x7ffbfeff, sa_flags=0x10000004
SIGQUIT: [libjvm.so+0x3a7e20], sa_mask[0]=0x7ffbfeff, sa_flags=0x10000004


---------------  S Y S T E M  ---------------

OS:Linux
uname:Linux 3.9.2-1-ARCH #1 SMP PREEMPT Sat May 11 21:11:14 CEST 2013 i686
libc:glibc 2.17 NPTL 2.17 
rlimit: STACK 8192k, CORE 0k, NPROC 12933, NOFILE 4096, AS infinity
load average:1,43 1,25 0,90

/proc/meminfo:
MemTotal:        1658864 kB
MemFree:          115072 kB
Buffers:            4368 kB
Cached:           270832 kB
SwapCached:       103120 kB
Active:           682356 kB
Inactive:         707696 kB
Active(anon):     609876 kB
Inactive(anon):   637292 kB
Active(file):      72480 kB
Inactive(file):    70404 kB
Unevictable:          68 kB
Mlocked:              68 kB
HighTotal:        774280 kB
HighFree:          15504 kB
LowTotal:         884584 kB
LowFree:           99568 kB
SwapTotal:        265068 kB
SwapFree:         102844 kB
Dirty:                20 kB
Writeback:             0 kB
AnonPages:       1012220 kB
Mapped:           141216 kB
Shmem:            132248 kB
Slab:             107532 kB
SReclaimable:      25536 kB
SUnreclaim:        81996 kB
KernelStack:        3368 kB
PageTables:        10768 kB
NFS_Unstable:          0 kB
Bounce:                0 kB
WritebackTmp:          0 kB
CommitLimit:     1094500 kB
Committed_AS:    5379316 kB
VmallocTotal:     122880 kB
VmallocUsed:       26976 kB
VmallocChunk:      81268 kB
HardwareCorrupted:     0 kB
AnonHugePages:    307200 kB
HugePages_Total:       0
HugePages_Free:        0
HugePages_Rsvd:        0
HugePages_Surp:        0
Hugepagesize:       4096 kB
DirectMap4k:       12280 kB
DirectMap4M:      897024 kB


CPU:total 2 (2 cores per cpu, 1 threads per core) family 20 model 1 stepping 0, cmov, cx8, fxsr, mmx, sse, sse2, sse3, ssse3, popcnt, mmxext, lzcnt, sse4a, tsc, tscinvbit, tscinv

/proc/cpuinfo:
processor	: 0
vendor_id	: AuthenticAMD
cpu family	: 20
model		: 1
model name	: AMD E-350 Processor
stepping	: 0
microcode	: 0x5000028
cpu MHz		: 1600.000
cache size	: 512 KB
physical id	: 0
siblings	: 2
core id		: 0
cpu cores	: 2
apicid		: 0
initial apicid	: 0
fdiv_bug	: no
f00f_bug	: no
coma_bug	: no
fpu		: yes
fpu_exception	: yes
cpuid level	: 6
wp		: yes
flags		: fpu vme de pse tsc msr pae mce cx8 apic sep mtrr pge mca cmov pat pse36 clflush mmx fxsr sse sse2 ht syscall nx mmxext fxsr_opt pdpe1gb rdtscp lm constant_tsc nonstop_tsc extd_apicid aperfmperf pni monitor ssse3 cx16 popcnt lahf_lm cmp_legacy svm extapic cr8_legacy abm sse4a misalignsse 3dnowprefetch ibs skinit wdt arat hw_pstate npt lbrv svm_lock nrip_save pausefilter
bogomips	: 3194.36
clflush size	: 64
cache_alignment	: 64
address sizes	: 36 bits physical, 48 bits virtual
power management: ts ttp tm stc 100mhzsteps hwpstate

processor	: 1
vendor_id	: AuthenticAMD
cpu family	: 20
model		: 1
model name	: AMD E-350 Processor
stepping	: 0
microcode	: 0x5000028
cpu MHz		: 1600.000
cache size	: 512 KB
physical id	: 0
siblings	: 2
core id		: 1
cpu cores	: 2
apicid		: 1
initial apicid	: 1
fdiv_bug	: no
f00f_bug	: no
coma_bug	: no
fpu		: yes
fpu_exception	: yes
cpuid level	: 6
wp		: yes
flags		: fpu vme de pse tsc msr pae mce cx8 apic sep mtrr pge mca cmov pat pse36 clflush mmx fxsr sse sse2 ht syscall nx mmxext fxsr_opt pdpe1gb rdtscp lm constant_tsc nonstop_tsc extd_apicid aperfmperf pni monitor ssse3 cx16 popcnt lahf_lm cmp_legacy svm extapic cr8_legacy abm sse4a misalignsse 3dnowprefetch ibs skinit wdt arat hw_pstate npt lbrv svm_lock nrip_save pausefilter
bogomips	: 3194.36
clflush size	: 64
cache_alignment	: 64
address sizes	: 36 bits physical, 48 bits virtual
power management: ts ttp tm stc 100mhzsteps hwpstate



Memory: 4k page, physical 1658864k(115072k free), swap 265068k(102844k free)

vm_info: OpenJDK Client VM (23.7-b01) for linux-x86 JRE (1.7.0_21-b02), built on May 15 2013 06:49:52 by "nobody" with gcc 4.8.0 20130502 (prerelease)

time: Mon May 20 14:37:23 2013
elapsed time: 356 seconds

